This is pdfTeX, Version 3.14159265-2.6-1.40.16 (TeX Live 2015) (preloaded format=pdflatex 2016.1.2)  1 JUL 2016 09:12
entering extended mode
 restricted \write18 enabled.
 %&-line parsing enabled.
**harrington_poster_portriat
(./harrington_poster_portriat.tex
LaTeX2e <2015/01/01>
Babel <3.9l> and hyphenation patterns for 79 languages loaded.
(/usr/local/texlive/2015/texmf-dist/tex/latex/a0poster/a0poster.cls
Document Class: a0poster 2004/01/31 v1.22b a0poster class (GK, MW)
(/usr/local/texlive/2015/texmf-dist/tex/latex/base/article.cls
Document Class: article 2014/09/29 v1.4h Standard LaTeX document class
(/usr/local/texlive/2015/texmf-dist/tex/latex/base/size10.clo
File: size10.clo 2014/09/29 v1.4h Standard LaTeX file (size option)
)
\c@part=\count79
\c@section=\count80
\c@subsection=\count81
\c@subsubsection=\count82
\c@paragraph=\count83
\c@subparagraph=\count84
\c@figure=\count85
\c@table=\count86
\abovecaptionskip=\skip41
\belowcaptionskip=\skip42
\bibindent=\dimen102
)
\xkoord=\count87
\ykoord=\count88
\xscale=\count89
\yscale=\count90
\tausch=\dimen103
\Ausgabe=\write3
\openout3 = `a0header.ps'.


(/usr/local/texlive/2015/texmf-dist/tex/latex/a0poster/a0size.sty
File: a0size.sty 2004/01/31 v1.22b a0poster class (GK, MW)
LaTeX Font Info:    Redeclaring symbol font `largesymbols' on input line 229.
LaTeX Font Info:    Overwriting symbol font `largesymbols' in version `normal'
(Font)                  OMX/cmex/m/n --> OMX/cmex/m/n on input line 229.
LaTeX Font Info:    Overwriting symbol font `largesymbols' in version `bold'
(Font)                  OMX/cmex/m/n --> OMX/cmex/m/n on input line 229.
\big@size=\dimen104
))
(/usr/local/texlive/2015/texmf-dist/tex/latex/tipa/tipa.sty
Package: tipa 2002/08/08 TIPA version 1.1

(/usr/local/texlive/2015/texmf-dist/tex/latex/base/fontenc.sty
Package: fontenc 2005/09/27 v1.99g Standard LaTeX package

(/usr/local/texlive/2015/texmf-dist/tex/latex/tipa/t3enc.def
File: t3enc.def 2001/12/31 T3 encoding
)
(/usr/local/texlive/2015/texmf-dist/tex/latex/base/ot1enc.def
File: ot1enc.def 2005/09/27 v1.99g Standard LaTeX file
LaTeX Font Info:    Redeclaring font encoding OT1 on input line 48.
)))
(/usr/local/texlive/2015/texmf-dist/tex/latex/amsmath/amsmath.sty
Package: amsmath 2013/01/14 v2.14 AMS math features
\@mathmargin=\skip43

For additional information on amsmath, use the `?' option.
(/usr/local/texlive/2015/texmf-dist/tex/latex/amsmath/amstext.sty
Package: amstext 2000/06/29 v2.01

(/usr/local/texlive/2015/texmf-dist/tex/latex/amsmath/amsgen.sty
File: amsgen.sty 1999/11/30 v2.0
\@emptytoks=\toks14
\ex@=\dimen105
))
(/usr/local/texlive/2015/texmf-dist/tex/latex/amsmath/amsbsy.sty
Package: amsbsy 1999/11/29 v1.2d
\pmbraise@=\dimen106
)
(/usr/local/texlive/2015/texmf-dist/tex/latex/amsmath/amsopn.sty
Package: amsopn 1999/12/14 v2.01 operator names
)
\inf@bad=\count91
LaTeX Info: Redefining \frac on input line 210.
\uproot@=\count92
\leftroot@=\count93
LaTeX Info: Redefining \overline on input line 306.
\classnum@=\count94
\DOTSCASE@=\count95
LaTeX Info: Redefining \ldots on input line 378.
LaTeX Info: Redefining \dots on input line 381.
LaTeX Info: Redefining \cdots on input line 466.
\Mathstrutbox@=\box26
\strutbox@=\box27
\big@size=\dimen107
LaTeX Font Info:    Redeclaring font encoding OML on input line 566.
LaTeX Font Info:    Redeclaring font encoding OMS on input line 567.
\macc@depth=\count96
\c@MaxMatrixCols=\count97
\dotsspace@=\muskip10
\c@parentequation=\count98
\dspbrk@lvl=\count99
\tag@help=\toks15
\row@=\count100
\column@=\count101
\maxfields@=\count102
\andhelp@=\toks16
\eqnshift@=\dimen108
\alignsep@=\dimen109
\tagshift@=\dimen110
\tagwidth@=\dimen111
\totwidth@=\dimen112
\lineht@=\dimen113
\@envbody=\toks17
\multlinegap=\skip44
\multlinetaggap=\skip45
\mathdisplay@stack=\toks18
LaTeX Info: Redefining \[ on input line 2665.
LaTeX Info: Redefining \] on input line 2666.
)
(/usr/local/texlive/2015/texmf-dist/tex/latex/tools/enumerate.sty
Package: enumerate 2014/10/28 v3.00 enumerate extensions (DPC)
\@enLab=\toks19
)
(/usr/local/texlive/2015/texmf-dist/tex/latex/graphics/graphicx.sty
Package: graphicx 2014/10/28 v1.0g Enhanced LaTeX Graphics (DPC,SPQR)

(/usr/local/texlive/2015/texmf-dist/tex/latex/graphics/keyval.sty
Package: keyval 2014/10/28 v1.15 key=value parser (DPC)
\KV@toks@=\toks20
)
(/usr/local/texlive/2015/texmf-dist/tex/latex/graphics/graphics.sty
Package: graphics 2014/10/28 v1.0p Standard LaTeX Graphics (DPC,SPQR)

(/usr/local/texlive/2015/texmf-dist/tex/latex/graphics/trig.sty
Package: trig 1999/03/16 v1.09 sin cos tan (DPC)
)
(/usr/local/texlive/2015/texmf-dist/tex/latex/latexconfig/graphics.cfg
File: graphics.cfg 2010/04/23 v1.9 graphics configuration of TeX Live
)
Package graphics Info: Driver file: pdftex.def on input line 94.

(/usr/local/texlive/2015/texmf-dist/tex/latex/pdftex-def/pdftex.def
File: pdftex.def 2011/05/27 v0.06d Graphics/color for pdfTeX

(/usr/local/texlive/2015/texmf-dist/tex/generic/oberdiek/infwarerr.sty
Package: infwarerr 2010/04/08 v1.3 Providing info/warning/error messages (HO)
)
(/usr/local/texlive/2015/texmf-dist/tex/generic/oberdiek/ltxcmds.sty
Package: ltxcmds 2011/11/09 v1.22 LaTeX kernel commands for general use (HO)
)
\Gread@gobject=\count103
))
\Gin@req@height=\dimen114
\Gin@req@width=\dimen115
)
(/usr/local/texlive/2015/texmf-dist/tex/latex/float/float.sty
Package: float 2001/11/08 v1.3d Float enhancements (AL)
\c@float@type=\count104
\float@exts=\toks21
\float@box=\box28
\@float@everytoks=\toks22
\@floatcapt=\box29
)
(/usr/local/texlive/2015/texmf-dist/tex/latex/subfigure/subfigure.sty
Package: subfigure 2002/03/15 v2.1.5 subfigure package
\subfigtopskip=\skip46
\subfigcapskip=\skip47
\subfigcaptopadj=\dimen116
\subfigbottomskip=\skip48
\subfigcapmargin=\dimen117
\subfiglabelskip=\skip49
\c@subfigure=\count105
\c@lofdepth=\count106
\c@subtable=\count107
\c@lotdepth=\count108

****************************************
* Local config file subfigure.cfg used *
****************************************
(/usr/local/texlive/2015/texmf-dist/tex/latex/subfigure/subfigure.cfg)
\subfig@top=\skip50
\subfig@bottom=\skip51
)
(/usr/local/texlive/2015/texmf-dist/tex/latex/caption/caption.sty
Package: caption 2013/05/02 v3.3-89 Customizing captions (AR)

(/usr/local/texlive/2015/texmf-dist/tex/latex/caption/caption3.sty
Package: caption3 2013/05/02 v1.6-88 caption3 kernel (AR)
Package caption3 Info: TeX engine: e-TeX on input line 57.
\captionmargin=\dimen118
\captionmargin@=\dimen119
\captionwidth=\dimen120
\caption@tempdima=\dimen121
\caption@indent=\dimen122
\caption@parindent=\dimen123
\caption@hangindent=\dimen124
)
\c@ContinuedFloat=\count109
Package caption Info: float package is loaded.
Package caption Info: subfigure package is loaded.
)
(/usr/local/texlive/2015/texmf-dist/tex/latex/multirow/multirow.sty
\bigstrutjot=\dimen125
)
(/usr/local/texlive/2015/texmf-dist/tex/latex/graphics/color.sty
Package: color 2014/10/28 v1.1a Standard LaTeX Color (DPC)

(/usr/local/texlive/2015/texmf-dist/tex/latex/latexconfig/color.cfg
File: color.cfg 2007/01/18 v1.5 color configuration of teTeX/TeXLive
)
Package color Info: Driver file: pdftex.def on input line 142.
)
(/usr/local/texlive/2015/texmf-dist/tex/latex/natbib/natbib.sty
Package: natbib 2010/09/13 8.31b (PWD, AO)
\bibhang=\skip52
\bibsep=\skip53
LaTeX Info: Redefining \cite on input line 694.
\c@NAT@ctr=\count110
)
(/usr/local/texlive/2015/texmf-dist/tex/latex/ms/ragged2e.sty
Package: ragged2e 2009/05/21 v2.1 ragged2e Package (MS)

(/usr/local/texlive/2015/texmf-dist/tex/latex/ms/everysel.sty
Package: everysel 2011/10/28 v1.2 EverySelectfont Package (MS)
)
\CenteringLeftskip=\skip54
\RaggedLeftLeftskip=\skip55
\RaggedRightLeftskip=\skip56
\CenteringRightskip=\skip57
\RaggedLeftRightskip=\skip58
\RaggedRightRightskip=\skip59
\CenteringParfillskip=\skip60
\RaggedLeftParfillskip=\skip61
\RaggedRightParfillskip=\skip62
\JustifyingParfillskip=\skip63
\CenteringParindent=\skip64
\RaggedLeftParindent=\skip65
\RaggedRightParindent=\skip66
\JustifyingParindent=\skip67
)
(/usr/local/texlive/2015/texmf-dist/tex/latex/tools/multicol.sty
Package: multicol 2015/03/31 v1.8m multicolumn formatting (FMi)
\c@tracingmulticols=\count111
\mult@box=\box30
\multicol@leftmargin=\dimen126
\c@unbalance=\count112
\c@collectmore=\count113
\doublecol@number=\count114
\multicoltolerance=\count115
\multicolpretolerance=\count116
\full@width=\dimen127
\page@free=\dimen128
\premulticols=\dimen129
\postmulticols=\dimen130
\multicolsep=\skip68
\multicolbaselineskip=\skip69
\partial@page=\box31
\last@line=\box32
\maxbalancingoverflow=\dimen131
\mult@rightbox=\box33
\mult@grightbox=\box34
\mult@gfirstbox=\box35
\mult@firstbox=\box36
\@tempa=\box37
\@tempa=\box38
\@tempa=\box39
\@tempa=\box40
\@tempa=\box41
\@tempa=\box42
\@tempa=\box43
\@tempa=\box44
\@tempa=\box45
\@tempa=\box46
\@tempa=\box47
\@tempa=\box48
\@tempa=\box49
\@tempa=\box50
\@tempa=\box51
\@tempa=\box52
\@tempa=\box53
\c@columnbadness=\count117
\c@finalcolumnbadness=\count118
\last@try=\dimen132
\multicolovershoot=\dimen133
\multicolundershoot=\dimen134
\mult@nat@firstbox=\box54
\colbreak@box=\box55
\mc@col@check@num=\count119
)
(/usr/local/texlive/2015/texmf-dist/tex/latex/geometry/geometry.sty
Package: geometry 2010/09/12 v5.6 Page Geometry

(/usr/local/texlive/2015/texmf-dist/tex/generic/oberdiek/ifpdf.sty
Package: ifpdf 2011/01/30 v2.3 Provides the ifpdf switch (HO)
Package ifpdf Info: pdfTeX in PDF mode is detected.
)
(/usr/local/texlive/2015/texmf-dist/tex/generic/oberdiek/ifvtex.sty
Package: ifvtex 2010/03/01 v1.5 Detect VTeX and its facilities (HO)
Package ifvtex Info: VTeX not detected.
)
(/usr/local/texlive/2015/texmf-dist/tex/generic/ifxetex/ifxetex.sty
Package: ifxetex 2010/09/12 v0.6 Provides ifxetex conditional
)
\Gm@cnth=\count120
\Gm@cntv=\count121
\c@Gm@tempcnt=\count122
\Gm@bindingoffset=\dimen135
\Gm@wd@mp=\dimen136
\Gm@odd@mp=\dimen137
\Gm@even@mp=\dimen138
\Gm@layoutwidth=\dimen139
\Gm@layoutheight=\dimen140
\Gm@layouthoffset=\dimen141
\Gm@layoutvoffset=\dimen142
\Gm@dimlist=\toks23
)
(/usr/local/texlive/2015/texmf-dist/tex/latex/psnfss/helvet.sty
Package: helvet 2005/04/12 PSNFSS-v9.2a (WaS) 
)
\mylen=\skip70

No file harrington_poster_portriat.aux.
\openout1 = `harrington_poster_portriat.aux'.

LaTeX Font Info:    Checking defaults for OML/cmm/m/it on input line 56.
LaTeX Font Info:    ... okay on input line 56.
LaTeX Font Info:    Checking defaults for T1/cmr/m/n on input line 56.
LaTeX Font Info:    ... okay on input line 56.
LaTeX Font Info:    Checking defaults for OT1/cmr/m/n on input line 56.
LaTeX Font Info:    ... okay on input line 56.
LaTeX Font Info:    Checking defaults for OMS/cmsy/m/n on input line 56.
LaTeX Font Info:    ... okay on input line 56.
LaTeX Font Info:    Checking defaults for OMX/cmex/m/n on input line 56.
LaTeX Font Info:    ... okay on input line 56.
LaTeX Font Info:    Checking defaults for U/cmr/m/n on input line 56.
LaTeX Font Info:    ... okay on input line 56.
LaTeX Font Info:    Checking defaults for T3/cmr/m/n on input line 56.
LaTeX Font Info:    Try loading font information for T3+cmr on input line 56.
(/usr/local/texlive/2015/texmf-dist/tex/latex/tipa/t3cmr.fd
File: t3cmr.fd 2001/12/31 TIPA font definitions
)
LaTeX Font Info:    ... okay on input line 56.
LaTeX Font Info:    Try loading font information for OT1+phv on input line 56.

(/usr/local/texlive/2015/texmf-dist/tex/latex/psnfss/ot1phv.fd
File: ot1phv.fd 2001/06/04 scalable font definitions for OT1/phv.
)
(/usr/local/texlive/2015/texmf-dist/tex/context/base/supp-pdf.mkii
[Loading MPS to PDF converter (version 2006.09.02).]
\scratchcounter=\count123
\scratchdimen=\dimen143
\scratchbox=\box56
\nofMPsegments=\count124
\nofMParguments=\count125
\everyMPshowfont=\toks24
\MPscratchCnt=\count126
\MPscratchDim=\dimen144
\MPnumerator=\count127
\makeMPintoPDFobject=\count128
\everyMPtoPDFconversion=\toks25
) (/usr/local/texlive/2015/texmf-dist/tex/generic/oberdiek/pdftexcmds.sty
Package: pdftexcmds 2011/11/29 v0.20 Utility functions of pdfTeX for LuaTeX (HO
)

(/usr/local/texlive/2015/texmf-dist/tex/generic/oberdiek/ifluatex.sty
Package: ifluatex 2010/03/01 v1.3 Provides the ifluatex switch (HO)
Package ifluatex Info: LuaTeX not detected.
)
Package pdftexcmds Info: LuaTeX not detected.
Package pdftexcmds Info: \pdf@primitive is available.
Package pdftexcmds Info: \pdf@ifprimitive is available.
Package pdftexcmds Info: \pdfdraftmode found.
)
(/usr/local/texlive/2015/texmf-dist/tex/latex/oberdiek/epstopdf-base.sty
Package: epstopdf-base 2010/02/09 v2.5 Base part for package epstopdf

(/usr/local/texlive/2015/texmf-dist/tex/latex/oberdiek/grfext.sty
Package: grfext 2010/08/19 v1.1 Manage graphics extensions (HO)

(/usr/local/texlive/2015/texmf-dist/tex/generic/oberdiek/kvdefinekeys.sty
Package: kvdefinekeys 2011/04/07 v1.3 Define keys (HO)
))
(/usr/local/texlive/2015/texmf-dist/tex/latex/oberdiek/kvoptions.sty
Package: kvoptions 2011/06/30 v3.11 Key value format for package options (HO)

(/usr/local/texlive/2015/texmf-dist/tex/generic/oberdiek/kvsetkeys.sty
Package: kvsetkeys 2012/04/25 v1.16 Key value parser (HO)

(/usr/local/texlive/2015/texmf-dist/tex/generic/oberdiek/etexcmds.sty
Package: etexcmds 2011/02/16 v1.5 Avoid name clashes with e-TeX commands (HO)
Package etexcmds Info: Could not find \expanded.
(etexcmds)             That can mean that you are not using pdfTeX 1.50 or
(etexcmds)             that some package has redefined \expanded.
(etexcmds)             In the latter case, load this package earlier.
)))
Package grfext Info: Graphics extension search list:
(grfext)             [.png,.pdf,.jpg,.mps,.jpeg,.jbig2,.jb2,.PNG,.PDF,.JPG,.JPE
G,.JBIG2,.JB2,.eps]
(grfext)             \AppendGraphicsExtensions on input line 452.

(/usr/local/texlive/2015/texmf-dist/tex/latex/latexconfig/epstopdf-sys.cfg
File: epstopdf-sys.cfg 2010/07/13 v1.3 Configuration of (r)epstopdf for TeX Liv
e
))
Package caption Info: Begin \AtBeginDocument code.
Package caption Info: End \AtBeginDocument code.

ABD: EverySelectfont initializing macros
LaTeX Info: Redefining \selectfont on input line 56.

*geometry* driver: auto-detecting
*geometry* detected driver: pdftex
*geometry* verbose mode - [ preamble ] result:
* driver: pdftex
* paper: <default>
* layout: <same size as paper>
* layoutoffset:(h,v)=(0.0pt,0.0pt)
* modes: 
* h-part:(L,W,R)=(85.35826pt, 2218.17705pt, 85.35826pt)
* v-part:(T,H,B)=(0.0pt, 3380.75665pt, 0.0pt)
* \paperwidth=2388.89357pt
* \paperheight=3380.75665pt
* \textwidth=2218.17705pt
* \textheight=3380.75665pt
* \oddsidemargin=13.08827pt
* \evensidemargin=13.08827pt
* \topmargin=-72.26999pt
* \headheight=0.0pt
* \headsep=0.0pt
* \topskip=10.0pt
* \footskip=30.0pt
* \marginparwidth=65.0pt
* \marginparsep=11.0pt
* \columnsep=28.45274pt
* \skip\footins=9.0pt plus 4.0pt minus 2.0pt
* \hoffset=0.0pt
* \voffset=0.0pt
* \mag=1000
* \@twocolumnfalse
* \@twosidefalse
* \@mparswitchfalse
* \@reversemarginfalse
* (1in=72.27pt=25.4mm, 1cm=28.453pt)

<Black_Landscape.pdf, id=1, 3398.91512pt x 331.81017pt>
File: Black_Landscape.pdf Graphic file (type pdf)

<use Black_Landscape.pdf>
Package pdftex.def Info: Black_Landscape.pdf used on input line 59.
(pdftex.def)             Requested size: 3398.90686pt x 331.80934pt.

Overfull \hbox (1095.01419pt too wide) in paragraph at lines 57--60
[]  [] 
 []


LaTeX Font Warning: Font shape `OMX/cmex/m/n' in size <43> not available
(Font)              size <24.88> substituted on input line 64.


LaTeX Font Warning: Font shape `OMX/cmex/m/n' in size <35.83> not available
(Font)              size <24.88> substituted on input line 64.


Overfull \hbox (1193.36703pt too wide) in paragraph at lines 62--68
[]$[]$
 []

LaTeX Font Info:    Font shape `OT1/phv/bx/n' in size <35.83> not available
(Font)              Font shape `OT1/phv/b/n' tried instead on input line 73.
LaTeX Font Info:    Font shape `OT1/phv/m/it' in size <24.88> not available
(Font)              Font shape `OT1/phv/m/sl' tried instead on input line 82.
LaTeX Font Info:    Font shape `OT1/phv/bx/n' in size <29.86> not available
(Font)              Font shape `OT1/phv/b/n' tried instead on input line 89.
<u_fronting_yob.pdf, id=2, 216.81pt x 216.81pt>
File: u_fronting_yob.pdf Graphic file (type pdf)
 <use u_fronting_yob.pdf>
Package pdftex.def Info: u_fronting_yob.pdf used on input line 134.
(pdftex.def)             Requested size: 357.73428pt x 357.73428pt.

<o_fronting_yob.pdf, id=3, 216.81pt x 216.81pt>
File: o_fronting_yob.pdf Graphic file (type pdf)
 <use o_fronting_yob.pdf>
Package pdftex.def Info: o_fronting_yob.pdf used on input line 134.
(pdftex.def)             Requested size: 357.73428pt x 357.73428pt.

<u_dip_yob.pdf, id=4, 216.81pt x 216.81pt>
File: u_dip_yob.pdf Graphic file (type pdf)
 <use u_dip_yob.pdf>
Package pdftex.def Info: u_dip_yob.pdf used on input line 135.
(pdftex.def)             Requested size: 357.73428pt x 357.73428pt.

<o_dip_soc.pdf, id=5, 216.81pt x 216.81pt>
File: o_dip_soc.pdf Graphic file (type pdf)
 <use o_dip_soc.pdf>
Package pdftex.def Info: o_dip_soc.pdf used on input line 135.
(pdftex.def)             Requested size: 357.73428pt x 357.73428pt.

Overfull \hbox (182.26387pt too wide) in paragraph at lines 134--136
 [][][] 
 []


Overfull \hbox (182.26387pt too wide) in paragraph at lines 134--136
 [][] 
 []

LaTeX Font Info:    Try loading font information for T3+phv on input line 147.
(/usr/local/texlive/2015/texmf-dist/tex/latex/tipa/t3phv.fd
File: t3phv.fd 2001/12/31 scalable TIPA font definitions
)
Overfull \vbox (17.04724pt too high) detected at line 154
 []

LaTeX Font Info:    Font shape `OT1/phv/bx/n' in size <43> not available
(Font)              Font shape `OT1/phv/b/n' tried instead on input line 157.

Overfull \hbox (63.12396pt too wide) in paragraph at lines 150--163
 [][] 
 []


Overfull \vbox (17.04724pt too high) detected at line 173
 []


Overfull \hbox (81.01138pt too wide) in paragraph at lines 169--183
 [][] 
 []

<M_O_MC_L_1.png, id=6, 243.60674pt x 243.60674pt>
File: M_O_MC_L_1.png Graphic file (type png)
 <use M_O_MC_L_1.png>
Package pdftex.def Info: M_O_MC_L_1.png used on input line 191.
(pdftex.def)             Requested size: 170.52353pt x 170.52353pt.

<M_Y_MC_L_1.png, id=8, 243.60674pt x 243.60674pt>
File: M_Y_MC_L_1.png Graphic file (type png)
 <use M_Y_MC_L_1.png>
Package pdftex.def Info: M_Y_MC_L_1.png used on input line 191.
(pdftex.def)             Requested size: 170.52353pt x 170.52353pt.

<M_O_WC_L_1.png, id=9, 243.60674pt x 243.60674pt>
File: M_O_WC_L_1.png Graphic file (type png)
 <use M_O_WC_L_1.png>
Package pdftex.def Info: M_O_WC_L_1.png used on input line 191.
(pdftex.def)             Requested size: 170.52353pt x 170.52353pt.

<M_Y_WC_L_1.png, id=10, 243.60674pt x 243.60674pt>
File: M_Y_WC_L_1.png Graphic file (type png)
 <use M_Y_WC_L_1.png>
Package pdftex.def Info: M_Y_WC_L_1.png used on input line 191.
(pdftex.def)             Requested size: 170.52353pt x 170.52353pt.

<M_O_MC_NL_1.png, id=11, 243.60674pt x 243.60674pt>
File: M_O_MC_NL_1.png Graphic file (type png)
 <use M_O_MC_NL_1.png>
Package pdftex.def Info: M_O_MC_NL_1.png used on input line 193.
(pdftex.def)             Requested size: 170.52353pt x 170.52353pt.

<M_Y_MC_NL_1.png, id=12, 243.60674pt x 243.60674pt>
File: M_Y_MC_NL_1.png Graphic file (type png)
 <use M_Y_MC_NL_1.png>
Package pdftex.def Info: M_Y_MC_NL_1.png used on input line 193.
(pdftex.def)             Requested size: 170.52353pt x 170.52353pt.

<M_O_WC_NL_1.png, id=13, 243.60674pt x 243.60674pt>
File: M_O_WC_NL_1.png Graphic file (type png)
 <use M_O_WC_NL_1.png>
Package pdftex.def Info: M_O_WC_NL_1.png used on input line 193.
(pdftex.def)             Requested size: 170.52353pt x 170.52353pt.

<M_Y_WC_NL_1.png, id=14, 243.60674pt x 243.60674pt>
File: M_Y_WC_NL_1.png Graphic file (type png)
 <use M_Y_WC_NL_1.png>
Package pdftex.def Info: M_Y_WC_NL_1.png used on input line 193.
(pdftex.def)             Requested size: 170.52353pt x 170.52353pt.


! LaTeX Error: \begin{minipage} on input line 184 ended by \end{sub}.

See the LaTeX manual or LaTeX Companion for explanation.
Type  H <return>  for immediate help.
 ...                                              
                                                  
l.200 \end{sub}
               
Your command was ignored.
Type  I <command> <return>  to replace it with another command,
or  <return>  to continue without it.


Overfull \hbox (238.785pt too wide) in paragraph at lines 190--201
[][]
 []


Underfull \hbox (badness 10000) in paragraph at lines 190--201

 []


Overfull \hbox (21.33955pt too wide) in paragraph at lines 145--201
[]$[]$ 
 []

LaTeX Font Info:    Font shape `OT1/phv/bx/n' in size <24.88> not available
(Font)              Font shape `OT1/phv/b/n' tried instead on input line 204.

Underfull \hbox (badness 10000) in paragraph at lines 209--209
[]\OT1/phv/m/n/24.88 Individual-level vari-abil-ity mod-elled
 []


Underfull \hbox (badness 10000) in paragraph at lines 209--209
\OT1/phv/m/n/24.88 through un-cor-re-lated ran-dom slopes
 []

<u_fronting_perception_class.pdf, id=15, 180.675pt x 180.675pt>
File: u_fronting_perception_class.pdf Graphic file (type pdf)

<use u_fronting_perception_class.pdf>
Package pdftex.def Info: u_fronting_perception_class.pdf used on input line 216
.
(pdftex.def)             Requested size: 406.51772pt x 406.51772pt.

<o_fronting_perception_class.pdf, id=16, 162.6075pt x 180.675pt>
File: o_fronting_perception_class.pdf Graphic file (type pdf)

<use o_fronting_perception_class.pdf>
Package pdftex.def Info: o_fronting_perception_class.pdf used on input line 217
.
(pdftex.def)             Requested size: 365.86597pt x 406.51772pt.

<u_clust.pdf, id=17, 289.08pt x 180.675pt>
File: u_clust.pdf Graphic file (type pdf)
 <use u_clust.pdf>
Package pdftex.def Info: u_clust.pdf used on input line 230.
(pdftex.def)             Requested size: 563.70372pt x 352.3148pt.

<o_clust.pdf, id=18, 289.08pt x 180.675pt>
File: o_clust.pdf Graphic file (type pdf)
 <use o_clust.pdf>
Package pdftex.def Info: o_clust.pdf used on input line 231.
(pdftex.def)             Requested size: 563.70372pt x 352.3148pt.

Overfull \hbox (30.49902pt too wide) in paragraph at lines 230--232
 [][] 
 []


Overfull \hbox (30.49902pt too wide) in paragraph at lines 230--232
 [] 
 []

<u_perception_age_sd.pdf, id=19, 178.6675pt x 216.81pt>
File: u_perception_age_sd.pdf Graphic file (type pdf)

<use u_perception_age_sd.pdf>
Package pdftex.def Info: u_perception_age_sd.pdf used on input line 250.
(pdftex.def)             Requested size: 357.3341pt x 433.61893pt.

<u_perception_dim3_sd.pdf, id=20, 216.81pt x 216.81pt>
File: u_perception_dim3_sd.pdf Graphic file (type pdf)

<use u_perception_dim3_sd.pdf>
Package pdftex.def Info: u_perception_dim3_sd.pdf used on input line 251.
(pdftex.def)             Requested size: 433.61893pt x 433.61893pt.

Overfull \hbox (225.61829pt too wide) in paragraph at lines 249--253
|  [] []
 []

<o_perception_dim3_sd.pdf, id=21, 216.81pt x 216.81pt>
File: o_perception_dim3_sd.pdf Graphic file (type pdf)

<use o_perception_dim3_sd.pdf>
Package pdftex.def Info: o_perception_dim3_sd.pdf used on input line 255.
(pdftex.def)             Requested size: 433.61893pt x 433.61893pt.

Overfull \hbox (29.80016pt too wide) in paragraph at lines 261--261
[]\OT1/phv/m/n/24.88 ...quite a lot in terms of the strength/consistency
 []

LaTeX Font Info:    Font shape `OT1/phv/bx/n' in size <14.4> not available
(Font)              Font shape `OT1/phv/b/n' tried instead on input line 272.

! LaTeX Error: \begin{figure} on input line 144 ended by \end{multicols}.

See the LaTeX manual or LaTeX Companion for explanation.
Type  H <return>  for immediate help.
 ...                                              
                                                  
l.295 \end{multicols}
                     
Your command was ignored.
Type  I <command> <return>  to replace it with another command,
or  <return>  to continue without it.

! Missing } inserted.
<inserted text> 
                }
l.295 \end{multicols}
                     
I've inserted something that you may have forgotten.
(See the <inserted text> above.)
With luck, this will get me unwedged. But if you
really didn't forget anything, try typing `2' now; then
my insertion and my current dilemma will both disappear.


! LaTeX Error: \begin{multicols} on input line 69 ended by \end{document}.

See the LaTeX manual or LaTeX Companion for explanation.
Type  H <return>  for immediate help.
 ...                                              
                                                  
l.296 \end{document}
                    
Your command was ignored.
Type  I <command> <return>  to replace it with another command,
or  <return>  to continue without it.

[1{/usr/local/texlive/2015/texmf-var/fonts/map/pdftex/updmap/pdftex.map}]
(./harrington_poster_portriat.aux)

LaTeX Font Warning: Size substitutions with differences
(Font)              up to 18.12pt have occurred.

 )
(\end occurred inside a group at level 1)

### semi simple group (level 1) entered at line 69 (\begingroup)
### bottom level 
Here is how much of TeX's memory you used:
 5725 strings out of 493089
 85307 string characters out of 6134843
 170245 words of memory out of 5000000
 9096 multiletter control sequences out of 15000+600000
 24872 words of font info for 63 fonts, out of 8000000 for 9000
 1141 hyphenation exceptions out of 8191
 38i,28n,38p,445b,538s stack positions out of 5000i,500n,10000p,200000b,80000s
{/usr/local/texlive/2015/texmf-dist/fonts/enc/dvips/base/8r.enc
}</usr/local/texlive/2015/texmf-dist/fonts/type1/public/amsfonts/cm/cmsy10.pfb>
</usr/local/texlive/2015/texmf-dist/fonts/type1/urw/helvetic/uhvb8a.pfb></usr/l
ocal/texlive/2015/texmf-dist/fonts/type1/urw/helvetic/uhvr8a.pfb>
Output written on harrington_poster_portriat.pdf (1 page, 19897 bytes).
PDF statistics:
 42 PDF objects out of 1000 (max. 8388607)
 14 compressed objects within 1 object stream
 0 named destinations out of 1000 (max. 500000)
 101 words of extra memory for PDF output out of 10000 (max. 10000000)

